<?xml version="1.0" encoding="UTF-8"?>
<!-- Generated by org.testng.reporters.JUnitXMLReporter -->
<testsuite hostname="Nit" name="Default test" tests="3" failures="0" timestamp="2 Oct 2019 04:01:45 GMT" time="41.779" errors="0">
  <testcase name="tc101" time="8.295" classname="com.hrms.testscript.TC_101"/>
  <testcase name="tc102" time="15.223" classname="com.hrms.testscript.TC_102"/>
  <testcase name="tc103" time="18.246" classname="com.hrms.testscript.TC_103"/>
</testsuite> <!-- Default test -->
